This file contains any messages produced by compilers while
running configure, to aid debugging if configure makes a mistake.

It was created by wavedump configure 3.7.2, which was
generated by GNU Autoconf 2.65.  Invocation command line was

  $ ./configure --no-create --no-recursion

## --------- ##
## Platform. ##
## --------- ##

hostname = lab-cpt03
uname -m = x86_64
uname -r = 3.13.0-123-generic
uname -s = Linux
uname -v = #172-Ubuntu SMP Mon Jun 26 18:04:35 UTC 2017

/usr/bin/uname -p = unknown
/bin/uname -X     = unknown

/bin/arch              = unknown
/usr/bin/arch -k       = unknown
/usr/convex/getsysinfo = unknown
/usr/bin/hostinfo      = unknown
/bin/machine           = unknown
/usr/bin/oslevel       = unknown
/bin/universe          = unknown

PATH: /usr/local/sbin
PATH: /usr/local/bin
PATH: /usr/sbin
PATH: /usr/bin
PATH: /sbin
PATH: /bin
PATH: /usr/games
PATH: /usr/local/games


## ----------- ##
## Core tests. ##
## ----------- ##

configure:2148: checking for a BSD-compatible install
configure:2216: result: /usr/bin/install -c
configure:2227: checking whether build environment is sane
configure:2277: result: yes
configure:2418: checking for a thread-safe mkdir -p
configure:2457: result: /bin/mkdir -p
configure:2470: checking for gawk
configure:2500: result: no
configure:2470: checking for mawk
configure:2486: found /usr/bin/mawk
configure:2497: result: mawk
configure:2508: checking whether make sets $(MAKE)
configure:2530: result: yes
configure:2662: checking for gcc
configure:2678: found /usr/bin/gcc
configure:2689: result: gcc
configure:2918: checking for C compiler version
configure:2927: gcc --version >&5
gcc (Ubuntu 4.8.4-2ubuntu1~14.04.3) 4.8.4
Copyright (C) 2013 Free Software Foundation, Inc.
This is free software; see the source for copying conditions.  There is NO
warranty; not even for MERCHANTABILITY or FITNESS FOR A PARTICULAR PURPOSE.

configure:2938: $? = 0
configure:2927: gcc -v >&5
Using built-in specs.
COLLECT_GCC=gcc
COLLECT_LTO_WRAPPER=/usr/lib/gcc/x86_64-linux-gnu/4.8/lto-wrapper
Target: x86_64-linux-gnu
Configured with: ../src/configure -v --with-pkgversion='Ubuntu 4.8.4-2ubuntu1~14.04.3' --with-bugurl=file:///usr/share/doc/gcc-4.8/README.Bugs --enable-languages=c,c++,java,go,d,fortran,objc,obj-c++ --prefix=/usr --program-suffix=-4.8 --enable-shared --enable-linker-build-id --libexecdir=/usr/lib --without-included-gettext --enable-threads=posix --with-gxx-include-dir=/usr/include/c++/4.8 --libdir=/usr/lib --enable-nls --with-sysroot=/ --enable-clocale=gnu --enable-libstdcxx-debug --enable-libstdcxx-time=yes --enable-gnu-unique-object --disable-libmudflap --enable-plugin --with-system-zlib --disable-browser-plugin --enable-java-awt=gtk --enable-gtk-cairo --with-java-home=/usr/lib/jvm/java-1.5.0-gcj-4.8-amd64/jre --enable-java-home --with-jvm-root-dir=/usr/lib/jvm/java-1.5.0-gcj-4.8-amd64 --with-jvm-jar-dir=/usr/lib/jvm-exports/java-1.5.0-gcj-4.8-amd64 --with-arch-directory=amd64 --with-ecj-jar=/usr/share/java/eclipse-ecj.jar --enable-objc-gc --enable-multiarch --disable-werror --with-arch-32=i686 --with-abi=m64 --with-multilib-list=m32,m64,mx32 --with-tune=generic --enable-checking=release --build=x86_64-linux-gnu --host=x86_64-linux-gnu --target=x86_64-linux-gnu
Thread model: posix
gcc version 4.8.4 (Ubuntu 4.8.4-2ubuntu1~14.04.3) 
configure:2938: $? = 0
configure:2927: gcc -V >&5
gcc: error: unrecognized command line option '-V'
gcc: fatal error: no input files
compilation terminated.
configure:2938: $? = 4
configure:2927: gcc -qversion >&5
gcc: error: unrecognized command line option '-qversion'
gcc: fatal error: no input files
compilation terminated.
configure:2938: $? = 4
configure:2958: checking whether the C compiler works
configure:2980: gcc    conftest.c  >&5
configure:2984: $? = 0
configure:3033: result: yes
configure:3036: checking for C compiler default output file name
configure:3038: result: a.out
configure:3044: checking for suffix of executables
configure:3051: gcc -o conftest    conftest.c  >&5
configure:3055: $? = 0
configure:3077: result: 
configure:3099: checking whether we are cross compiling
configure:3107: gcc -o conftest    conftest.c  >&5
configure:3111: $? = 0
configure:3118: ./conftest
configure:3122: $? = 0
configure:3137: result: no
configure:3142: checking for suffix of object files
configure:3164: gcc -c   conftest.c >&5
configure:3168: $? = 0
configure:3189: result: o
configure:3193: checking whether we are using the GNU C compiler
configure:3212: gcc -c   conftest.c >&5
configure:3212: $? = 0
configure:3221: result: yes
configure:3230: checking whether gcc accepts -g
configure:3250: gcc -c -g  conftest.c >&5
configure:3250: $? = 0
configure:3291: result: yes
configure:3308: checking for gcc option to accept ISO C89
configure:3372: gcc  -c -g -O2  conftest.c >&5
configure:3372: $? = 0
configure:3385: result: none needed
configure:3416: checking for style of include used by make
configure:3444: result: GNU
configure:3469: checking dependency style of gcc
configure:3579: result: gcc3
configure:3605: checking how to run the C preprocessor
configure:3636: gcc -E  conftest.c
configure:3636: $? = 0
configure:3650: gcc -E  conftest.c
conftest.c:12:28: fatal error: ac_nonexistent.h: No such file or directory
 #include <ac_nonexistent.h>
                            ^
compilation terminated.
configure:3650: $? = 1
configure: failed program was:
| /* confdefs.h */
| #define PACKAGE_NAME "wavedump"
| #define PACKAGE_TARNAME "wavedump"
| #define PACKAGE_VERSION "3.7.2"
| #define PACKAGE_STRING "wavedump 3.7.2"
| #define PACKAGE_BUGREPORT "support.computing@caen.it"
| #define PACKAGE_URL ""
| #define PACKAGE "wavedump"
| #define VERSION "3.7.2"
| #define LINUX 1
| /* end confdefs.h.  */
| #include <ac_nonexistent.h>
configure:3675: result: gcc -E
configure:3695: gcc -E  conftest.c
configure:3695: $? = 0
configure:3709: gcc -E  conftest.c
conftest.c:12:28: fatal error: ac_nonexistent.h: No such file or directory
 #include <ac_nonexistent.h>
                            ^
compilation terminated.
configure:3709: $? = 1
configure: failed program was:
| /* confdefs.h */
| #define PACKAGE_NAME "wavedump"
| #define PACKAGE_TARNAME "wavedump"
| #define PACKAGE_VERSION "3.7.2"
| #define PACKAGE_STRING "wavedump 3.7.2"
| #define PACKAGE_BUGREPORT "support.computing@caen.it"
| #define PACKAGE_URL ""
| #define PACKAGE "wavedump"
| #define VERSION "3.7.2"
| #define LINUX 1
| /* end confdefs.h.  */
| #include <ac_nonexistent.h>
configure:3738: checking for grep that handles long lines and -e
configure:3796: result: /bin/grep
configure:3801: checking for egrep
configure:3863: result: /bin/grep -E
configure:3868: checking for ANSI C header files
configure:3888: gcc -c -g -O2  conftest.c >&5
configure:3888: $? = 0
configure:3961: gcc -o conftest -g -O2   conftest.c  >&5
configure:3961: $? = 0
configure:3961: ./conftest
configure:3961: $? = 0
configure:3972: result: yes
configure:3985: checking for sys/types.h
configure:3985: gcc -c -g -O2  conftest.c >&5
configure:3985: $? = 0
configure:3985: result: yes
configure:3985: checking for sys/stat.h
configure:3985: gcc -c -g -O2  conftest.c >&5
configure:3985: $? = 0
configure:3985: result: yes
configure:3985: checking for stdlib.h
configure:3985: gcc -c -g -O2  conftest.c >&5
configure:3985: $? = 0
configure:3985: result: yes
configure:3985: checking for string.h
configure:3985: gcc -c -g -O2  conftest.c >&5
configure:3985: $? = 0
configure:3985: result: yes
configure:3985: checking for memory.h
configure:3985: gcc -c -g -O2  conftest.c >&5
configure:3985: $? = 0
configure:3985: result: yes
configure:3985: checking for strings.h
configure:3985: gcc -c -g -O2  conftest.c >&5
configure:3985: $? = 0
configure:3985: result: yes
configure:3985: checking for inttypes.h
configure:3985: gcc -c -g -O2  conftest.c >&5
configure:3985: $? = 0
configure:3985: result: yes
configure:3985: checking for stdint.h
configure:3985: gcc -c -g -O2  conftest.c >&5
configure:3985: $? = 0
configure:3985: result: yes
configure:3985: checking for unistd.h
configure:3985: gcc -c -g -O2  conftest.c >&5
configure:3985: $? = 0
configure:3985: result: yes
configure:3998: checking CAENDigitizer.h usability
configure:3998: gcc -c -g -O2  conftest.c >&5
configure:3998: $? = 0
configure:3998: result: yes
configure:3998: checking CAENDigitizer.h presence
configure:3998: gcc -E  conftest.c
configure:3998: $? = 0
configure:3998: result: yes
configure:3998: checking for CAENDigitizer.h
configure:3998: result: yes
configure:4006: checking CAENDigitizerType.h usability
configure:4006: gcc -c -g -O2  conftest.c >&5
configure:4006: $? = 0
configure:4006: result: yes
configure:4006: checking CAENDigitizerType.h presence
configure:4006: gcc -E  conftest.c
configure:4006: $? = 0
configure:4006: result: yes
configure:4006: checking for CAENDigitizerType.h
configure:4006: result: yes
configure:4014: checking for CAEN_DGTZ_ReadTemperature in -lCAENDigitizer
configure:4039: gcc -o conftest -g -O2   conftest.c -lCAENDigitizer   >&5
configure:4039: $? = 0
configure:4048: result: yes
configure:4056: checking for CAEN_DGTZ_DRS4_750MHz in CAENDigitizerType.h
configure:4082: result: CAENDigitizerType.h
configure:4100: checking for gnuplot
configure:4116: found /usr/bin/gnuplot
configure:4128: result: ok
configure:4147: WARNING: 
configure:4150: checking for ANSI C header files
configure:4254: result: yes
configure:4265: checking malloc.h usability
configure:4265: gcc -c -g -O2  conftest.c >&5
configure:4265: $? = 0
configure:4265: result: yes
configure:4265: checking malloc.h presence
configure:4265: gcc -E  conftest.c
configure:4265: $? = 0
configure:4265: result: yes
configure:4265: checking for malloc.h
configure:4265: result: yes
configure:4265: checking for stdint.h
configure:4265: result: yes
configure:4265: checking for stdlib.h
configure:4265: result: yes
configure:4265: checking for string.h
configure:4265: result: yes
configure:4265: checking sys/time.h usability
configure:4265: gcc -c -g -O2  conftest.c >&5
configure:4265: $? = 0
configure:4265: result: yes
configure:4265: checking sys/time.h presence
configure:4265: gcc -E  conftest.c
configure:4265: $? = 0
configure:4265: result: yes
configure:4265: checking for sys/time.h
configure:4265: result: yes
configure:4265: checking sys/timeb.h usability
configure:4265: gcc -c -g -O2  conftest.c >&5
configure:4265: $? = 0
configure:4265: result: yes
configure:4265: checking sys/timeb.h presence
configure:4265: gcc -E  conftest.c
configure:4265: $? = 0
configure:4265: result: yes
configure:4265: checking for sys/timeb.h
configure:4265: result: yes
configure:4265: checking termios.h usability
configure:4265: gcc -c -g -O2  conftest.c >&5
configure:4265: $? = 0
configure:4265: result: yes
configure:4265: checking termios.h presence
configure:4265: gcc -E  conftest.c
configure:4265: $? = 0
configure:4265: result: yes
configure:4265: checking for termios.h
configure:4265: result: yes
configure:4265: checking for unistd.h
configure:4265: result: yes
configure:4278: checking for an ANSI C-conforming const
configure:4343: gcc -c -g -O2  conftest.c >&5
configure:4343: $? = 0
configure:4350: result: yes
configure:4358: checking whether time.h and sys/time.h may both be included
configure:4378: gcc -c -g -O2  conftest.c >&5
configure:4378: $? = 0
configure:4385: result: yes
configure:4397: checking for stdlib.h
configure:4397: result: yes
configure:4407: checking for GNU libc compatible malloc
configure:4431: gcc -o conftest -g -O2   conftest.c  >&5
configure:4431: $? = 0
configure:4431: ./conftest
configure:4431: $? = 0
configure:4441: result: yes
configure:4465: checking sys/select.h usability
configure:4465: gcc -c -g -O2  conftest.c >&5
configure:4465: $? = 0
configure:4465: result: yes
configure:4465: checking sys/select.h presence
configure:4465: gcc -E  conftest.c
configure:4465: $? = 0
configure:4465: result: yes
configure:4465: checking for sys/select.h
configure:4465: result: yes
configure:4465: checking sys/socket.h usability
configure:4465: gcc -c -g -O2  conftest.c >&5
configure:4465: $? = 0
configure:4465: result: yes
configure:4465: checking sys/socket.h presence
configure:4465: gcc -E  conftest.c
configure:4465: $? = 0
configure:4465: result: yes
configure:4465: checking for sys/socket.h
configure:4465: result: yes
configure:4476: checking types of arguments for select
configure:4504: gcc -c -g -O2  conftest.c >&5
configure:4504: $? = 0
configure:4515: result: int,fd_set *,struct timeval *
configure:4541: checking for atexit
configure:4541: gcc -o conftest -g -O2   conftest.c  >&5
configure:4541: $? = 0
configure:4541: result: yes
configure:4541: checking for gettimeofday
configure:4541: gcc -o conftest -g -O2   conftest.c  >&5
configure:4541: $? = 0
configure:4541: result: yes
configure:4541: checking for memset
configure:4541: gcc -o conftest -g -O2   conftest.c  >&5
conftest.c:64:6: warning: conflicting types for built-in function 'memset' [enabled by default]
 char memset ();
      ^
configure:4541: $? = 0
configure:4541: result: yes
configure:4541: checking for pow
configure:4541: gcc -o conftest -g -O2   conftest.c  >&5
conftest.c:65:6: warning: conflicting types for built-in function 'pow' [enabled by default]
 char pow ();
      ^
/tmp/ccrVaLN7.o: In function `main':
/home/lab-cpt03/git/DRS4DAQ/WaveDumpDT5742/conftest.c:76: undefined reference to `pow'
collect2: error: ld returned 1 exit status
configure:4541: $? = 1
configure: failed program was:
| /* confdefs.h */
| #define PACKAGE_NAME "wavedump"
| #define PACKAGE_TARNAME "wavedump"
| #define PACKAGE_VERSION "3.7.2"
| #define PACKAGE_STRING "wavedump 3.7.2"
| #define PACKAGE_BUGREPORT "support.computing@caen.it"
| #define PACKAGE_URL ""
| #define PACKAGE "wavedump"
| #define VERSION "3.7.2"
| #define LINUX 1
| #define STDC_HEADERS 1
| #define HAVE_SYS_TYPES_H 1
| #define HAVE_SYS_STAT_H 1
| #define HAVE_STDLIB_H 1
| #define HAVE_STRING_H 1
| #define HAVE_MEMORY_H 1
| #define HAVE_STRINGS_H 1
| #define HAVE_INTTYPES_H 1
| #define HAVE_STDINT_H 1
| #define HAVE_UNISTD_H 1
| #define STDC_HEADERS 1
| #define HAVE_MALLOC_H 1
| #define HAVE_STDINT_H 1
| #define HAVE_STDLIB_H 1
| #define HAVE_STRING_H 1
| #define HAVE_SYS_TIME_H 1
| #define HAVE_SYS_TIMEB_H 1
| #define HAVE_TERMIOS_H 1
| #define HAVE_UNISTD_H 1
| #define TIME_WITH_SYS_TIME 1
| #define HAVE_STDLIB_H 1
| #define HAVE_MALLOC 1
| #define HAVE_SYS_SELECT_H 1
| #define HAVE_SYS_SOCKET_H 1
| #define SELECT_TYPE_ARG1 int
| #define SELECT_TYPE_ARG234 (fd_set *)
| #define SELECT_TYPE_ARG5 (struct timeval *)
| #define HAVE_ATEXIT 1
| #define HAVE_GETTIMEOFDAY 1
| #define HAVE_MEMSET 1
| /* end confdefs.h.  */
| /* Define pow to an innocuous variant, in case <limits.h> declares pow.
|    For example, HP-UX 11i <limits.h> declares gettimeofday.  */
| #define pow innocuous_pow
| 
| /* System header to define __stub macros and hopefully few prototypes,
|     which can conflict with char pow (); below.
|     Prefer <limits.h> to <assert.h> if __STDC__ is defined, since
|     <limits.h> exists even on freestanding compilers.  */
| 
| #ifdef __STDC__
| # include <limits.h>
| #else
| # include <assert.h>
| #endif
| 
| #undef pow
| 
| /* Override any GCC internal prototype to avoid an error.
|    Use char because int might match the return type of a GCC
|    builtin and then its argument prototype would still apply.  */
| #ifdef __cplusplus
| extern "C"
| #endif
| char pow ();
| /* The GNU C library defines this for functions which it implements
|     to always fail with ENOSYS.  Some functions are actually named
|     something starting with __ and the normal name is an alias.  */
| #if defined __stub_pow || defined __stub___pow
| choke me
| #endif
| 
| int
| main ()
| {
| return pow ();
|   ;
|   return 0;
| }
configure:4541: result: no
configure:4541: checking for select
configure:4541: gcc -o conftest -g -O2   conftest.c  >&5
configure:4541: $? = 0
configure:4541: result: yes
configure:4541: checking for strstr
configure:4541: gcc -o conftest -g -O2   conftest.c  >&5
conftest.c:66:6: warning: conflicting types for built-in function 'strstr' [enabled by default]
 char strstr ();
      ^
configure:4541: $? = 0
configure:4541: result: yes
configure:4555: checking for gnuplot
configure:4571: found /usr/bin/gnuplot
configure:4583: result: yes
configure:4748: creating ./config.status

## ---------------- ##
## Cache variables. ##
## ---------------- ##

ac_cv_c_compiler_gnu=yes
ac_cv_c_const=yes
ac_cv_env_CC_set=
ac_cv_env_CC_value=
ac_cv_env_CFLAGS_set=
ac_cv_env_CFLAGS_value=
ac_cv_env_CPPFLAGS_set=
ac_cv_env_CPPFLAGS_value=
ac_cv_env_CPP_set=
ac_cv_env_CPP_value=
ac_cv_env_LDFLAGS_set=
ac_cv_env_LDFLAGS_value=
ac_cv_env_LIBS_set=
ac_cv_env_LIBS_value=
ac_cv_env_build_alias_set=
ac_cv_env_build_alias_value=
ac_cv_env_host_alias_set=
ac_cv_env_host_alias_value=
ac_cv_env_target_alias_set=
ac_cv_env_target_alias_value=
ac_cv_func_atexit=yes
ac_cv_func_gettimeofday=yes
ac_cv_func_malloc_0_nonnull=yes
ac_cv_func_memset=yes
ac_cv_func_pow=no
ac_cv_func_select=yes
ac_cv_func_select_args='int,fd_set *,struct timeval *'
ac_cv_func_strstr=yes
ac_cv_header_CAENDigitizerType_h=yes
ac_cv_header_CAENDigitizer_h=yes
ac_cv_header_inttypes_h=yes
ac_cv_header_malloc_h=yes
ac_cv_header_memory_h=yes
ac_cv_header_stdc=yes
ac_cv_header_stdint_h=yes
ac_cv_header_stdlib_h=yes
ac_cv_header_string_h=yes
ac_cv_header_strings_h=yes
ac_cv_header_sys_select_h=yes
ac_cv_header_sys_socket_h=yes
ac_cv_header_sys_stat_h=yes
ac_cv_header_sys_time_h=yes
ac_cv_header_sys_timeb_h=yes
ac_cv_header_sys_types_h=yes
ac_cv_header_termios_h=yes
ac_cv_header_time=yes
ac_cv_header_unistd_h=yes
ac_cv_lib_CAENDigitizer_CAEN_DGTZ_ReadTemperature=yes
ac_cv_objext=o
ac_cv_path_EGREP='/bin/grep -E'
ac_cv_path_GREP=/bin/grep
ac_cv_path_install='/usr/bin/install -c'
ac_cv_path_mkdir=/bin/mkdir
ac_cv_prog_AWK=mawk
ac_cv_prog_CPP='gcc -E'
ac_cv_prog_GNUPLOT=ok
ac_cv_prog_HAVE_GNUPLOT=yes
ac_cv_prog_ac_ct_CC=gcc
ac_cv_prog_cc_c89=
ac_cv_prog_cc_g=yes
ac_cv_prog_make_make_set=yes
am_cv_CC_dependencies_compiler_type=gcc3

## ----------------- ##
## Output variables. ##
## ----------------- ##

ACLOCAL='${SHELL} /home/lab-cpt03/git/DRS4DAQ/WaveDumpDT5742/src/missing --run aclocal-1.11'
AMDEPBACKSLASH='\'
AMDEP_FALSE='#'
AMDEP_TRUE=''
AMTAR='${SHELL} /home/lab-cpt03/git/DRS4DAQ/WaveDumpDT5742/src/missing --run tar'
AUTOCONF='${SHELL} /home/lab-cpt03/git/DRS4DAQ/WaveDumpDT5742/src/missing --run autoconf'
AUTOHEADER='${SHELL} /home/lab-cpt03/git/DRS4DAQ/WaveDumpDT5742/src/missing --run autoheader'
AUTOMAKE='${SHELL} /home/lab-cpt03/git/DRS4DAQ/WaveDumpDT5742/src/missing --run automake-1.11'
AWK='mawk'
CC='gcc'
CCDEPMODE='depmode=gcc3'
CFLAGS='-g -O2'
CPP='gcc -E'
CPPFLAGS=''
CYGPATH_W='echo'
DEFS='-DPACKAGE_NAME=\"wavedump\" -DPACKAGE_TARNAME=\"wavedump\" -DPACKAGE_VERSION=\"3.7.2\" -DPACKAGE_STRING=\"wavedump\ 3.7.2\" -DPACKAGE_BUGREPORT=\"support.computing@caen.it\" -DPACKAGE_URL=\"\" -DPACKAGE=\"wavedump\" -DVERSION=\"3.7.2\" -DLINUX=1 -DSTDC_HEADERS=1 -DHAVE_SYS_TYPES_H=1 -DHAVE_SYS_STAT_H=1 -DHAVE_STDLIB_H=1 -DHAVE_STRING_H=1 -DHAVE_MEMORY_H=1 -DHAVE_STRINGS_H=1 -DHAVE_INTTYPES_H=1 -DHAVE_STDINT_H=1 -DHAVE_UNISTD_H=1 -DSTDC_HEADERS=1 -DHAVE_MALLOC_H=1 -DHAVE_STDINT_H=1 -DHAVE_STDLIB_H=1 -DHAVE_STRING_H=1 -DHAVE_SYS_TIME_H=1 -DHAVE_SYS_TIMEB_H=1 -DHAVE_TERMIOS_H=1 -DHAVE_UNISTD_H=1 -DTIME_WITH_SYS_TIME=1 -DHAVE_STDLIB_H=1 -DHAVE_MALLOC=1 -DHAVE_SYS_SELECT_H=1 -DHAVE_SYS_SOCKET_H=1 -DSELECT_TYPE_ARG1=int -DSELECT_TYPE_ARG234=\(fd_set\ \*\) -DSELECT_TYPE_ARG5=\(struct\ timeval\ \*\) -DHAVE_ATEXIT=1 -DHAVE_GETTIMEOFDAY=1 -DHAVE_MEMSET=1 -DHAVE_SELECT=1 -DHAVE_STRSTR=1'
DEPDIR='.deps'
ECHO_C=''
ECHO_N='-n'
ECHO_T=''
EGREP='/bin/grep -E'
EXEEXT=''
GNUPLOT='ok'
GREP='/bin/grep'
HAVE_GNUPLOT='yes'
INSTALL_DATA='${INSTALL} -m 644'
INSTALL_PROGRAM='${INSTALL}'
INSTALL_SCRIPT='${INSTALL}'
INSTALL_STRIP_PROGRAM='$(install_sh) -c -s'
LDFLAGS=''
LIBOBJS=''
LIBS=''
LTLIBOBJS=''
MAKEINFO='${SHELL} /home/lab-cpt03/git/DRS4DAQ/WaveDumpDT5742/src/missing --run makeinfo'
MKDIR_P='/bin/mkdir -p'
OBJEXT='o'
PACKAGE='wavedump'
PACKAGE_BUGREPORT='support.computing@caen.it'
PACKAGE_NAME='wavedump'
PACKAGE_STRING='wavedump 3.7.2'
PACKAGE_TARNAME='wavedump'
PACKAGE_URL=''
PACKAGE_VERSION='3.7.2'
PATH_SEPARATOR=':'
SET_MAKE=''
SHELL='/bin/bash'
STRIP=''
VERSION='3.7.2'
ac_ct_CC='gcc'
am__EXEEXT_FALSE=''
am__EXEEXT_TRUE='#'
am__fastdepCC_FALSE='#'
am__fastdepCC_TRUE=''
am__include='include'
am__isrc=''
am__leading_dot='.'
am__quote=''
am__tar='${AMTAR} chof - "$$tardir"'
am__untar='${AMTAR} xf -'
bindir='${exec_prefix}/bin'
build_alias=''
datadir='${datarootdir}'
datarootdir='${prefix}/share'
docdir='${datarootdir}/doc/${PACKAGE_TARNAME}'
dvidir='${docdir}'
exec_prefix='${prefix}'
host_alias=''
htmldir='${docdir}'
includedir='${prefix}/include'
infodir='${datarootdir}/info'
install_sh='${SHELL} /home/lab-cpt03/git/DRS4DAQ/WaveDumpDT5742/src/install-sh'
libdir='${exec_prefix}/lib'
libexecdir='${exec_prefix}/libexec'
localedir='${datarootdir}/locale'
localstatedir='${prefix}/var'
mandir='${datarootdir}/man'
mkdir_p='/bin/mkdir -p'
oldincludedir='/usr/include'
pdfdir='${docdir}'
prefix='/usr/local'
program_transform_name='s,x,x,'
psdir='${docdir}'
sbindir='${exec_prefix}/sbin'
sharedstatedir='${prefix}/com'
sysconfdir='${prefix}/etc'
target_alias=''

## ----------- ##
## confdefs.h. ##
## ----------- ##

/* confdefs.h */
#define PACKAGE_NAME "wavedump"
#define PACKAGE_TARNAME "wavedump"
#define PACKAGE_VERSION "3.7.2"
#define PACKAGE_STRING "wavedump 3.7.2"
#define PACKAGE_BUGREPORT "support.computing@caen.it"
#define PACKAGE_URL ""
#define PACKAGE "wavedump"
#define VERSION "3.7.2"
#define LINUX 1
#define STDC_HEADERS 1
#define HAVE_SYS_TYPES_H 1
#define HAVE_SYS_STAT_H 1
#define HAVE_STDLIB_H 1
#define HAVE_STRING_H 1
#define HAVE_MEMORY_H 1
#define HAVE_STRINGS_H 1
#define HAVE_INTTYPES_H 1
#define HAVE_STDINT_H 1
#define HAVE_UNISTD_H 1
#define STDC_HEADERS 1
#define HAVE_MALLOC_H 1
#define HAVE_STDINT_H 1
#define HAVE_STDLIB_H 1
#define HAVE_STRING_H 1
#define HAVE_SYS_TIME_H 1
#define HAVE_SYS_TIMEB_H 1
#define HAVE_TERMIOS_H 1
#define HAVE_UNISTD_H 1
#define TIME_WITH_SYS_TIME 1
#define HAVE_STDLIB_H 1
#define HAVE_MALLOC 1
#define HAVE_SYS_SELECT_H 1
#define HAVE_SYS_SOCKET_H 1
#define SELECT_TYPE_ARG1 int
#define SELECT_TYPE_ARG234 (fd_set *)
#define SELECT_TYPE_ARG5 (struct timeval *)
#define HAVE_ATEXIT 1
#define HAVE_GETTIMEOFDAY 1
#define HAVE_MEMSET 1
#define HAVE_SELECT 1
#define HAVE_STRSTR 1

configure: exit 0

## ---------------------- ##
## Running config.status. ##
## ---------------------- ##

This file was extended by wavedump config.status 3.7.2, which was
generated by GNU Autoconf 2.65.  Invocation command line was

  CONFIG_FILES    = 
  CONFIG_HEADERS  = 
  CONFIG_LINKS    = 
  CONFIG_COMMANDS = 
  $ ./config.status 

on lab-cpt03

config.status:780: creating Makefile
config.status:780: creating src/Makefile
config.status:943: executing depfiles commands
